  [4;36;1mSQL (75.0ms)[0m   [0;1m SELECT name
 FROM sqlite_master
 WHERE type = 'table' AND NOT name = 'sqlite_sequence'
[0m
  [4;35;1mSQL (1.0ms)[0m   [0mselect sqlite_version(*)[0m
  [4;36;1mSQL (93.0ms)[0m   [0;1mCREATE TABLE "schema_migrations" ("version" varchar(255) NOT NULL) [0m
  [4;35;1mSQL (9.0ms)[0m   [0mCREATE UNIQUE INDEX "unique_schema_migrations" ON "schema_migrations" ("version")[0m
  [4;36;1mSQL (0.0ms)[0m   [0;1m SELECT name
 FROM sqlite_master
 WHERE type = 'table' AND NOT name = 'sqlite_sequence'
[0m
  [4;35;1mSQL (0.0ms)[0m   [0mSELECT version FROM schema_migrations[0m
Migrating to CreatePosts (20090424064751)
  [4;36;1mSQL (1.0ms)[0m   [0;1mCREATE TABLE "posts" ("id" INTEGER PRIMARY KEY AUTOINCREMENT NOT NULL, "title" varchar(255), "body" text, "created_at" datetime, "updated_at" datetime) [0m
  [4;35;1mSQL (0.0ms)[0m   [0mINSERT INTO schema_migrations (version) VALUES ('20090424064751')[0m
  [4;36;1mSQL (0.0ms)[0m   [0;1m SELECT name
 FROM sqlite_master
 WHERE type = 'table' AND NOT name = 'sqlite_sequence'
[0m
  [4;35;1mSQL (0.0ms)[0m   [0mSELECT version FROM schema_migrations[0m
  [4;36;1mSQL (1.0ms)[0m   [0;1m SELECT name
 FROM sqlite_master
 WHERE type = 'table' AND NOT name = 'sqlite_sequence'
[0m
  [4;35;1mSQL (0.0ms)[0m   [0mPRAGMA index_list("posts")[0m


Processing Rails::InfoController#properties (for 127.0.0.1 at 2009-04-24 12:40:26) [GET]
  [4;36;1mSQL (1.0ms)[0m   [0;1m SELECT name
 FROM sqlite_master
 WHERE type = 'table' AND NOT name = 'sqlite_sequence'
[0m
  [4;35;1mSQL (0.0ms)[0m   [0mSELECT version FROM schema_migrations[0m
Completed in 68ms (View: 7, DB: 1) | 200 OK [http://localhost/rails/info/properties]


Processing PostsController#index (for 127.0.0.1 at 2009-04-24 12:40:40) [GET]
  [4;36;1mPost Load (4.0ms)[0m   [0;1mSELECT * FROM "posts" [0m
Rendering template within layouts/posts
Rendering posts/index
Completed in 464ms (View: 453, DB: 4) | 200 OK [http://localhost/posts]


Processing PostsController#new (for 127.0.0.1 at 2009-04-24 12:40:43) [GET]
Rendering template within layouts/posts
Rendering posts/new
Completed in 74ms (View: 67, DB: 0) | 200 OK [http://localhost/posts/new]


Processing PostsController#create (for 127.0.0.1 at 2009-04-24 12:41:04) [POST]
  Parameters: {"commit"=>"Create", "authenticity_token"=>"yHhQUozb9/tlIY4WPzELex2tTzmSy3ypQGCx4VMxHMI=", "post"=>{"body"=>"The $.get uses the href url attribute from our edit link above, makes the ajax call, and returns the response (the edit.html.erb template) to our modal (div#modal_window) dialog displayed using the BlockUI plugin. Whew, that's a mouthful.", "title"=>"First Post"}}
  [4;35;1mPost Create (1.0ms)[0m   [0mINSERT INTO "posts" ("updated_at", "title", "body", "created_at") VALUES('2009-04-24 06:56:04', 'First Post', 'The $.get uses the href url attribute from our edit link above, makes the ajax call, and returns the response (the edit.html.erb template) to our modal (div#modal_window) dialog displayed using the BlockUI plugin. Whew, that''s a mouthful.', '2009-04-24 06:56:04')[0m
Redirected to http://localhost:3001/posts/1
Completed in 133ms (DB: 1) | 302 Found [http://localhost/posts]


Processing PostsController#show (for 127.0.0.1 at 2009-04-24 12:41:04) [GET]
  Parameters: {"id"=>"1"}
  [4;36;1mPost Load (0.0ms)[0m   [0;1mSELECT * FROM "posts" WHERE ("posts"."id" = 1) [0m
Rendering template within layouts/posts
Rendering posts/show
Completed in 16ms (View: 8, DB: 0) | 200 OK [http://localhost/posts/1]


Processing PostsController#index (for 127.0.0.1 at 2009-04-24 12:41:07) [GET]
  [4;35;1mPost Load (0.0ms)[0m   [0mSELECT * FROM "posts" [0m
Rendering template within layouts/posts
Rendering posts/index
Completed in 13ms (View: 6, DB: 0) | 200 OK [http://localhost/posts]


Processing PostsController#new (for 127.0.0.1 at 2009-04-24 12:41:08) [GET]
Rendering template within layouts/posts
Rendering posts/new
Completed in 15ms (View: 6, DB: 0) | 200 OK [http://localhost/posts/new]


Processing PostsController#create (for 127.0.0.1 at 2009-04-24 12:41:18) [POST]
  Parameters: {"commit"=>"Create", "authenticity_token"=>"yHhQUozb9/tlIY4WPzELex2tTzmSy3ypQGCx4VMxHMI=", "post"=>{"body"=>"The $.get uses the href url attribute from our edit link above, makes the ajax call, and returns the response (the edit.html.erb template) to our modal (div#modal_window) dialog displayed using the BlockUI plugin. Whew, that's a mouthful.", "title"=>"Second one"}}
  [4;36;1mPost Create (1.0ms)[0m   [0;1mINSERT INTO "posts" ("updated_at", "title", "body", "created_at") VALUES('2009-04-24 06:56:18', 'Second one', 'The $.get uses the href url attribute from our edit link above, makes the ajax call, and returns the response (the edit.html.erb template) to our modal (div#modal_window) dialog displayed using the BlockUI plugin. Whew, that''s a mouthful.', '2009-04-24 06:56:18')[0m
Redirected to http://localhost:3001/posts/2
Completed in 50ms (DB: 1) | 302 Found [http://localhost/posts]


Processing PostsController#show (for 127.0.0.1 at 2009-04-24 12:41:18) [GET]
  Parameters: {"id"=>"2"}
  [4;35;1mPost Load (0.0ms)[0m   [0mSELECT * FROM "posts" WHERE ("posts"."id" = 2) [0m
Rendering template within layouts/posts
Rendering posts/show
Completed in 12ms (View: 4, DB: 0) | 200 OK [http://localhost/posts/2]


Processing PostsController#index (for 127.0.0.1 at 2009-04-24 12:41:20) [GET]
  [4;36;1mPost Load (1.0ms)[0m   [0;1mSELECT * FROM "posts" [0m
Rendering template within layouts/posts
Rendering posts/index
Completed in 14ms (View: 7, DB: 1) | 200 OK [http://localhost/posts]


Processing PostsController#index (for 127.0.0.1 at 2009-04-24 12:48:29) [GET]
  [4;35;1mPost Load (1.0ms)[0m   [0mSELECT * FROM "posts" [0m
Rendering template within layouts/posts
Rendering posts/index
Completed in 27ms (View: 16, DB: 1) | 200 OK [http://localhost/posts]


Processing PostsController#index (for 127.0.0.1 at 2009-04-24 13:13:19) [GET]
  [4;36;1mPost Load (0.0ms)[0m   [0;1mSELECT * FROM "posts" [0m
Rendering template within layouts/posts
Rendering posts/index

ActionView::TemplateError (You have a nil object when you didn't expect it!
The error occurred while evaluating nil.title) on line #3 of app/views/posts/_post.html.erb:
1: <!-- Post Partial -->
2: <div class="post_div">
3:     <h2><%=h post.title %></h2>
4:     <p><%=h post.body %><p>
5:     
6:     <%= link_to 'Show', post %>

    app/views/posts/_post.html.erb:3
    app/views/posts/index.html.erb:3
    app/controllers/posts_controller.rb:7:in `index'

Rendered rescues/_trace (85.0ms)
Rendered rescues/_request_and_response (2.0ms)
Rendering rescues/layout (internal_server_error)


Processing PostsController#index (for 127.0.0.1 at 2009-04-24 13:13:56) [GET]
  [4;35;1mPost Load (0.0ms)[0m   [0mSELECT * FROM "posts" [0m
Rendering template within layouts/posts
Rendering posts/index
Rendered posts/_post (4.0ms)
Rendered posts/_post (0.0ms)
Completed in 21ms (View: 14, DB: 0) | 200 OK [http://localhost/posts]


Processing PostsController#show (for 127.0.0.1 at 2009-04-24 13:14:10) [GET]
  Parameters: {"id"=>"2"}
  [4;36;1mPost Load (0.0ms)[0m   [0;1mSELECT * FROM "posts" WHERE ("posts"."id" = 2) [0m
Rendering template within layouts/posts
Rendering posts/show
Completed in 11ms (View: 4, DB: 0) | 200 OK [http://localhost/posts/2]


Processing PostsController#index (for 127.0.0.1 at 2009-04-24 13:14:14) [GET]
  [4;35;1mPost Load (1.0ms)[0m   [0mSELECT * FROM "posts" [0m
Rendering template within layouts/posts
Rendering posts/index
Rendered posts/_post (3.0ms)
Rendered posts/_post (1.0ms)
Completed in 16ms (View: 8, DB: 1) | 200 OK [http://localhost/posts]


Processing PostsController#edit (for 127.0.0.1 at 2009-04-24 13:14:16) [GET]
  Parameters: {"id"=>"2"}
  [4;36;1mPost Load (0.0ms)[0m   [0;1mSELECT * FROM "posts" WHERE ("posts"."id" = 2) [0m
Rendering template within layouts/posts
Rendering posts/edit
Completed in 18ms (View: 10, DB: 0) | 200 OK [http://localhost/posts/2/edit]


Processing PostsController#index (for 127.0.0.1 at 2009-04-24 13:14:20) [GET]
  [4;35;1mPost Load (1.0ms)[0m   [0mSELECT * FROM "posts" [0m
Rendering template within layouts/posts
Rendering posts/index
Rendered posts/_post (4.0ms)
Rendered posts/_post (0.0ms)
Completed in 15ms (View: 8, DB: 1) | 200 OK [http://localhost/posts]


Processing PostsController#edit (for 127.0.0.1 at 2009-04-24 13:16:21) [GET]
  Parameters: {"id"=>"2"}
  [4;36;1mPost Load (0.0ms)[0m   [0;1mSELECT * FROM "posts" WHERE ("posts"."id" = 2) [0m
Rendering template within layouts/posts
Rendering posts/edit
Completed in 18ms (View: 11, DB: 0) | 200 OK [http://localhost/posts/2/edit]


Processing PostsController#index (for 127.0.0.1 at 2009-04-24 13:16:25) [GET]
  [4;35;1mPost Load (1.0ms)[0m   [0mSELECT * FROM "posts" [0m
Rendering template within layouts/posts
Rendering posts/index
Rendered posts/_post (4.0ms)
Rendered posts/_post (1.0ms)
Completed in 16ms (View: 8, DB: 1) | 200 OK [http://localhost/posts]


Processing PostsController#edit (for 127.0.0.1 at 2009-04-24 13:17:19) [GET]
  Parameters: {"id"=>"2"}
  [4;36;1mPost Load (1.0ms)[0m   [0;1mSELECT * FROM "posts" WHERE ("posts"."id" = 2) [0m
Rendering template within layouts/posts
Rendering posts/edit

ActionView::TemplateError (undefined local variable or method `post' for #<ActionView::Base:0x5a13ce0>) on line #10 of app/views/posts/edit.html.erb:
7:     </div>
8: 
9:     <% form_for(@post, :id=> "post_edit_form") do %>
10:         <h2><%=h post.title %></h2>
11:         <p><%=h post.body %><p>
12: 
13:         <%= hidden_field_tag :id, @post.id %>

    app/views/posts/edit.html.erb:10
    app/views/posts/edit.html.erb:9

Rendered rescues/_trace (73.0ms)
Rendered rescues/_request_and_response (0.0ms)
Rendering rescues/layout (internal_server_error)


Processing PostsController#edit (for 127.0.0.1 at 2009-04-24 13:17:35) [GET]
  Parameters: {"id"=>"2"}
  [4;35;1mPost Load (1.0ms)[0m   [0mSELECT * FROM "posts" WHERE ("posts"."id" = 2) [0m
Rendering template within layouts/posts
Rendering posts/edit
Completed in 21ms (View: 13, DB: 1) | 200 OK [http://localhost/posts/2/edit]


Processing PostsController#edit (for 127.0.0.1 at 2009-04-24 13:18:41) [GET]
  Parameters: {"id"=>"2"}
  [4;36;1mPost Load (1.0ms)[0m   [0;1mSELECT * FROM "posts" WHERE ("posts"."id" = 2) [0m
Rendering template within layouts/posts
Rendering posts/edit

ActionView::TemplateError (undefined method `merge' for 2:Fixnum) on line #19 of app/views/posts/edit.html.erb:
16:     <%= f.text_area :body %>
17:   </p>
18: 
19:         <%= f.hidden_field :id, @post.id %>
20:         <%= f.submit "Save Changes", :class => 'save' %>
21:     <% end %>
22: </div>

    app/views/posts/edit.html.erb:19
    app/views/posts/edit.html.erb:9

Rendered rescues/_trace (109.0ms)
Rendered rescues/_request_and_response (0.0ms)
Rendering rescues/layout (internal_server_error)


Processing PostsController#edit (for 127.0.0.1 at 2009-04-24 13:19:06) [GET]
  Parameters: {"id"=>"2"}
  [4;35;1mPost Load (1.0ms)[0m   [0mSELECT * FROM "posts" WHERE ("posts"."id" = 2) [0m
Rendering template within layouts/posts
Rendering posts/edit
Completed in 22ms (View: 13, DB: 1) | 200 OK [http://localhost/posts/2/edit]


Processing PostsController#edit (for 127.0.0.1 at 2009-04-24 13:19:57) [GET]
  Parameters: {"id"=>"2"}
  [4;36;1mPost Load (0.0ms)[0m   [0;1mSELECT * FROM "posts" WHERE ("posts"."id" = 2) [0m
Rendering template within layouts/posts
Rendering posts/edit
Completed in 21ms (View: 12, DB: 0) | 200 OK [http://localhost/posts/2/edit]


Processing PostsController#edit (for 127.0.0.1 at 2009-04-24 13:20:12) [GET]
  Parameters: {"id"=>"2"}
  [4;35;1mPost Load (0.0ms)[0m   [0mSELECT * FROM "posts" WHERE ("posts"."id" = 2) [0m
Rendering template within layouts/posts
Rendering posts/edit
Completed in 155ms (View: 21, DB: 0) | 200 OK [http://localhost/posts/2/edit]


Processing PostsController#index (for 127.0.0.1 at 2009-04-24 13:33:37) [GET]
  [4;36;1mPost Load (1.0ms)[0m   [0;1mSELECT * FROM "posts" [0m
Rendering template within layouts/posts
Rendering posts/index
Rendered posts/_post (3.0ms)
Rendered posts/_post (1.0ms)
Completed in 29ms (View: 20, DB: 1) | 200 OK [http://localhost/posts]


Processing PostsController#index (for 127.0.0.1 at 2009-04-24 13:33:40) [GET]
  [4;35;1mPost Load (1.0ms)[0m   [0mSELECT * FROM "posts" [0m
Rendering template within layouts/posts
Rendering posts/index
Rendered posts/_post (4.0ms)
Rendered posts/_post (1.0ms)
Completed in 16ms (View: 9, DB: 1) | 200 OK [http://localhost/posts]


Processing PostsController#edit (for 127.0.0.1 at 2009-04-24 13:34:23) [GET]
  Parameters: {"id"=>"2"}
  [4;36;1mPost Load (0.0ms)[0m   [0;1mSELECT * FROM "posts" WHERE ("posts"."id" = 2) [0m
Rendering template within layouts/posts
Rendering posts/edit
Completed in 14ms (View: 6, DB: 0) | 200 OK [http://localhost/posts/2/edit]


Processing PostsController#index (for 127.0.0.1 at 2009-04-24 13:36:07) [GET]
  [4;35;1mPost Load (0.0ms)[0m   [0mSELECT * FROM "posts" [0m
Rendering template within layouts/posts
Rendering posts/index
Rendered posts/_post (4.0ms)
Rendered posts/_post (1.0ms)
Completed in 37ms (View: 29, DB: 0) | 200 OK [http://localhost/posts]


Processing PostsController#edit (for 127.0.0.1 at 2009-04-24 13:36:10) [GET]
  Parameters: {"id"=>"2"}
  [4;36;1mPost Load (1.0ms)[0m   [0;1mSELECT * FROM "posts" WHERE ("posts"."id" = 2) [0m
Rendering template within layouts/posts
Rendering posts/edit
Completed in 18ms (View: 11, DB: 1) | 200 OK [http://localhost/posts/2/edit]


Processing PostsController#index (for 127.0.0.1 at 2009-04-24 13:36:21) [GET]
  [4;35;1mPost Load (1.0ms)[0m   [0mSELECT * FROM "posts" [0m
Rendering template within layouts/posts
Rendering posts/index
Rendered posts/_post (4.0ms)
Rendered posts/_post (0.0ms)
Completed in 31ms (View: 24, DB: 1) | 200 OK [http://localhost/posts]


Processing PostsController#edit (for 127.0.0.1 at 2009-04-24 13:36:24) [GET]
  Parameters: {"id"=>"2"}
  [4;36;1mPost Load (0.0ms)[0m   [0;1mSELECT * FROM "posts" WHERE ("posts"."id" = 2) [0m
Rendering template within layouts/posts
Rendering posts/edit
Completed in 13ms (View: 6, DB: 0) | 200 OK [http://localhost/posts/2/edit]


Processing PostsController#show (for 127.0.0.1 at 2009-04-24 13:36:28) [GET]
  Parameters: {"id"=>"2"}
  [4;35;1mPost Load (1.0ms)[0m   [0mSELECT * FROM "posts" WHERE ("posts"."id" = 2) [0m
Rendering template within layouts/posts
Rendering posts/show
Completed in 12ms (View: 5, DB: 1) | 200 OK [http://localhost/posts/2]


Processing PostsController#index (for 127.0.0.1 at 2009-04-24 13:36:31) [GET]
  [4;36;1mPost Load (0.0ms)[0m   [0;1mSELECT * FROM "posts" [0m
Rendering template within layouts/posts
Rendering posts/index
Rendered posts/_post (3.0ms)
Rendered posts/_post (0.0ms)
Completed in 16ms (View: 8, DB: 0) | 200 OK [http://localhost/posts]


Processing PostsController#edit (for 127.0.0.1 at 2009-04-24 13:36:33) [GET]
  Parameters: {"id"=>"2"}
  [4;35;1mPost Load (1.0ms)[0m   [0mSELECT * FROM "posts" WHERE ("posts"."id" = 2) [0m
Rendering template within layouts/posts
Rendering posts/edit
Completed in 17ms (View: 8, DB: 1) | 200 OK [http://localhost/posts/2/edit]


Processing PostsController#update (for 127.0.0.1 at 2009-04-24 13:36:53) [PUT]
  Parameters: {"commit"=>"Save Changes", "authenticity_token"=>"yHhQUozb9/tlIY4WPzELex2tTzmSy3ypQGCx4VMxHMI=", "post"=>{"body"=>"The $.get uses the href url attribute from our edit link above, makes the ajax call, and returns the response (the edit.html.erb template) to our modal (div#modal_window) dialog displayed using the BlockUI plugin. Whew, that's a mouthful.", "title"=>""}, "id"=>"2"}
  [4;36;1mPost Load (0.0ms)[0m   [0;1mSELECT * FROM "posts" WHERE ("posts"."id" = 2) [0m
  [4;35;1mPost Update (19.0ms)[0m   [0mUPDATE "posts" SET "title" = '', "updated_at" = '2009-04-24 07:51:53' WHERE "id" = 2[0m
Redirected to http://localhost:3001/posts/2
Completed in 85ms (DB: 19) | 302 Found [http://localhost/posts/2]


Processing PostsController#show (for 127.0.0.1 at 2009-04-24 13:36:53) [GET]
  Parameters: {"id"=>"2"}
  [4;36;1mPost Load (0.0ms)[0m   [0;1mSELECT * FROM "posts" WHERE ("posts"."id" = 2) [0m
Rendering template within layouts/posts
Rendering posts/show
Completed in 12ms (View: 4, DB: 0) | 200 OK [http://localhost/posts/2]


Processing PostsController#index (for 127.0.0.1 at 2009-04-24 13:36:56) [GET]
  [4;35;1mPost Load (1.0ms)[0m   [0mSELECT * FROM "posts" [0m
Rendering template within layouts/posts
Rendering posts/index
Rendered posts/_post (3.0ms)
Rendered posts/_post (1.0ms)
Completed in 16ms (View: 9, DB: 1) | 200 OK [http://localhost/posts]


Processing PostsController#edit (for 127.0.0.1 at 2009-04-24 13:38:06) [GET]
  Parameters: {"id"=>"2"}
  [4;36;1mPost Load (0.0ms)[0m   [0;1mSELECT * FROM "posts" WHERE ("posts"."id" = 2) [0m
Rendering template within layouts/posts
Rendering posts/edit
Completed in 29ms (View: 21, DB: 0) | 200 OK [http://localhost/posts/2/edit]


Processing PostsController#update (for 127.0.0.1 at 2009-04-24 13:38:10) [PUT]
  Parameters: {"commit"=>"Save Changes", "authenticity_token"=>"yHhQUozb9/tlIY4WPzELex2tTzmSy3ypQGCx4VMxHMI=", "post"=>{"body"=>"The $.get uses the href url attribute from our edit link above, makes the ajax call, and returns the response (the edit.html.erb template) to our modal (div#modal_window) dialog displayed using the BlockUI plugin. Whew, that's a mouthful.", "title"=>""}, "id"=>"2"}
  [4;35;1mPost Load (0.0ms)[0m   [0mSELECT * FROM "posts" WHERE ("posts"."id" = 2) [0m
Rendering template within layouts/posts
Rendering posts/edit
Completed in 27ms (View: 6, DB: 0) | 200 OK [http://localhost/posts/2]


Processing PostsController#new (for 127.0.0.1 at 2009-04-24 13:44:21) [GET]
Rendering template within layouts/posts
Rendering posts/new
Completed in 80ms (View: 73, DB: 0) | 200 OK [http://localhost/posts/new]


Processing PostsController#edit (for 127.0.0.1 at 2009-04-24 13:44:27) [GET]
  Parameters: {"id"=>"2"}
  [4;36;1mPost Load (1.0ms)[0m   [0;1mSELECT * FROM "posts" WHERE ("posts"."id" = 2) [0m
Rendering template within layouts/posts
Rendering posts/edit
Completed in 15ms (View: 7, DB: 1) | 200 OK [http://localhost/posts/2/edit]


Processing PostsController#index (for 127.0.0.1 at 2009-04-24 13:54:01) [GET]
  [4;35;1mPost Load (1.0ms)[0m   [0mSELECT * FROM "posts" [0m
Rendering template within layouts/posts
Rendering posts/index
Rendered posts/_post (6.0ms)
Rendered posts/_post (1.0ms)
Completed in 25ms (View: 17, DB: 1) | 200 OK [http://localhost/posts]


Processing PostsController#edit (for 127.0.0.1 at 2009-04-24 13:54:05) [GET]
  Parameters: {"id"=>"2"}
  [4;36;1mPost Load (0.0ms)[0m   [0;1mSELECT * FROM "posts" WHERE ("posts"."id" = 2) [0m
Rendering template within layouts/posts
Rendering posts/edit
Completed in 18ms (View: 11, DB: 0) | 200 OK [http://localhost/posts/2/edit]


Processing PostsController#update (for 127.0.0.1 at 2009-04-24 13:54:37) [PUT]
  Parameters: {"commit"=>"Save Changes", "authenticity_token"=>"yHhQUozb9/tlIY4WPzELex2tTzmSy3ypQGCx4VMxHMI=", "post"=>{"body"=>"The $.get uses the href url attribute from our edit link above, makes the ajax call, and returns the response (the edit.html.erb template) to our modal (div#modal_window) dialog displayed using the BlockUI plugin. Whew, that's a mouthful.", "title"=>"sdf"}, "id"=>"2"}
  [4;35;1mPost Load (0.0ms)[0m   [0mSELECT * FROM "posts" WHERE ("posts"."id" = 2) [0m
  [4;36;1mPost Update (0.0ms)[0m   [0;1mUPDATE "posts" SET "title" = 'sdf', "updated_at" = '2009-04-24 08:09:37' WHERE "id" = 2[0m
Redirected to http://localhost:3001/posts/2
Completed in 100ms (DB: 0) | 302 Found [http://localhost/posts/2]


Processing PostsController#show (for 127.0.0.1 at 2009-04-24 13:54:37) [GET]
  Parameters: {"id"=>"2"}
  [4;35;1mPost Load (0.0ms)[0m   [0mSELECT * FROM "posts" WHERE ("posts"."id" = 2) [0m
Rendering template within layouts/posts
Rendering posts/show
Completed in 17ms (View: 10, DB: 0) | 200 OK [http://localhost/posts/2]


Processing PostsController#edit (for 127.0.0.1 at 2009-04-24 13:54:50) [GET]
  Parameters: {"id"=>"2"}
  [4;36;1mPost Load (1.0ms)[0m   [0;1mSELECT * FROM "posts" WHERE ("posts"."id" = 2) [0m
Rendering template within layouts/posts
Rendering posts/edit
Completed in 13ms (View: 6, DB: 1) | 200 OK [http://localhost/posts/2/edit]


Processing PostsController#edit (for 127.0.0.1 at 2009-04-24 14:06:30) [GET]
  Parameters: {"id"=>"2"}
  [4;35;1mPost Load (1.0ms)[0m   [0mSELECT * FROM "posts" WHERE ("posts"."id" = 2) [0m
Rendering template within layouts/posts
Rendering posts/edit
Completed in 20ms (View: 12, DB: 1) | 200 OK [http://localhost/posts/2/edit]


Processing PostsController#edit (for 127.0.0.1 at 2009-04-24 14:06:30) [GET]
  Parameters: {"id"=>"2"}
  [4;36;1mPost Load (1.0ms)[0m   [0;1mSELECT * FROM "posts" WHERE ("posts"."id" = 2) [0m
Rendering template within layouts/posts
Rendering posts/edit
Completed in 22ms (View: 9, DB: 1) | 200 OK [http://localhost/posts/2/edit]


Processing PostsController#edit (for 127.0.0.1 at 2009-04-24 14:06:34) [GET]
  Parameters: {"id"=>"1"}
  [4;35;1mPost Load (1.0ms)[0m   [0mSELECT * FROM "posts" WHERE ("posts"."id" = 1) [0m
Rendering template within layouts/posts
Rendering posts/edit
Completed in 14ms (View: 7, DB: 1) | 200 OK [http://localhost/posts/1/edit]


Processing PostsController#edit (for 127.0.0.1 at 2009-04-24 14:06:34) [GET]
  Parameters: {"id"=>"1"}
  [4;36;1mPost Load (0.0ms)[0m   [0;1mSELECT * FROM "posts" WHERE ("posts"."id" = 1) [0m
Rendering template within layouts/posts
Rendering posts/edit
Completed in 14ms (View: 6, DB: 0) | 200 OK [http://localhost/posts/1/edit]


Processing PostsController#index (for 127.0.0.1 at 2009-04-24 14:06:51) [GET]
  [4;35;1mPost Load (1.0ms)[0m   [0mSELECT * FROM "posts" [0m
Rendering template within layouts/posts
Rendering posts/index
Rendered posts/_post (6.0ms)
Rendered posts/_post (1.0ms)
Completed in 28ms (View: 18, DB: 1) | 200 OK [http://localhost/posts]


Processing PostsController#edit (for 127.0.0.1 at 2009-04-24 14:06:54) [GET]
  Parameters: {"id"=>"2"}
  [4;36;1mPost Load (1.0ms)[0m   [0;1mSELECT * FROM "posts" WHERE ("posts"."id" = 2) [0m
Rendering template within layouts/posts
Rendering posts/edit
Completed in 14ms (View: 7, DB: 1) | 200 OK [http://localhost/posts/2/edit]


Processing PostsController#update (for 127.0.0.1 at 2009-04-24 14:07:10) [PUT]
  Parameters: {"commit"=>"Save Changes", "authenticity_token"=>"yHhQUozb9/tlIY4WPzELex2tTzmSy3ypQGCx4VMxHMI=", "post"=>{"body"=>"The $.get uses the href url attribute from ou1adsr edit link above, makes the ajax call, and returns the response (the edit.html.erb template) to our modal (div#modal_window) dialog displayed using the BlockUI plugin. Whew, that's a mouthful.", "title"=>"sdfd2323"}, "id"=>"2"}
  [4;35;1mPost Load (0.0ms)[0m   [0mSELECT * FROM "posts" WHERE ("posts"."id" = 2) [0m
  [4;36;1mPost Update (1.0ms)[0m   [0;1mUPDATE "posts" SET "title" = 'sdfd2323', "body" = 'The $.get uses the href url attribute from ou1adsr edit link above, makes the ajax call, and returns the response (the edit.html.erb template) to our modal (div#modal_window) dialog displayed using the BlockUI plugin. Whew, that''s a mouthful.', "updated_at" = '2009-04-24 08:22:10' WHERE "id" = 2[0m
Redirected to http://localhost:3001/posts/2
Completed in 49ms (DB: 1) | 302 Found [http://localhost/posts/2]


Processing PostsController#show (for 127.0.0.1 at 2009-04-24 14:07:10) [GET]
  Parameters: {"id"=>"2"}
  [4;35;1mPost Load (1.0ms)[0m   [0mSELECT * FROM "posts" WHERE ("posts"."id" = 2) [0m
Rendering template within layouts/posts
Rendering posts/show
Completed in 13ms (View: 4, DB: 1) | 200 OK [http://localhost/posts/2]


Processing PostsController#index (for 127.0.0.1 at 2009-04-24 14:07:26) [GET]
  [4;36;1mPost Load (1.0ms)[0m   [0;1mSELECT * FROM "posts" [0m
Rendering template within layouts/posts
Rendering posts/index
Rendered posts/_post (6.0ms)
Rendered posts/_post (1.0ms)
Completed in 18ms (View: 11, DB: 1) | 200 OK [http://localhost/posts]


Processing PostsController#edit (for 127.0.0.1 at 2009-04-24 14:07:30) [GET]
  Parameters: {"id"=>"1"}
  [4;35;1mPost Load (1.0ms)[0m   [0mSELECT * FROM "posts" WHERE ("posts"."id" = 1) [0m
Rendering template within layouts/posts
Rendering posts/edit
Completed in 21ms (View: 7, DB: 1) | 200 OK [http://localhost/posts/1/edit]


Processing PostsController#update (for 127.0.0.1 at 2009-04-24 14:07:36) [PUT]
  Parameters: {"commit"=>"Save Changes", "authenticity_token"=>"yHhQUozb9/tlIY4WPzELex2tTzmSy3ypQGCx4VMxHMI=", "post"=>{"body"=>"The $.get uses the href url attribute from our edit link above, makes the ajax call, and returns the response (the edit.html.erb template) to our modal (div#modal_window) dialog displayed using the BlockUI plugin. Whew, that's a mouthful.", "title"=>"First Post 232"}, "id"=>"1"}
  [4;36;1mPost Load (0.0ms)[0m   [0;1mSELECT * FROM "posts" WHERE ("posts"."id" = 1) [0m
  [4;35;1mPost Update (1.0ms)[0m   [0mUPDATE "posts" SET "title" = 'First Post 232', "updated_at" = '2009-04-24 08:22:36' WHERE "id" = 1[0m
Redirected to http://localhost:3001/posts/1
Completed in 29ms (DB: 1) | 302 Found [http://localhost/posts/1]


Processing PostsController#show (for 127.0.0.1 at 2009-04-24 14:07:37) [GET]
  Parameters: {"id"=>"1"}
  [4;36;1mPost Load (0.0ms)[0m   [0;1mSELECT * FROM "posts" WHERE ("posts"."id" = 1) [0m
Rendering template within layouts/posts
Rendering posts/show
Completed in 13ms (View: 5, DB: 0) | 200 OK [http://localhost/posts/1]


Processing PostsController#edit (for 127.0.0.1 at 2009-04-24 14:07:41) [GET]
  Parameters: {"id"=>"1"}
  [4;35;1mPost Load (0.0ms)[0m   [0mSELECT * FROM "posts" WHERE ("posts"."id" = 1) [0m
Rendering template within layouts/posts
Rendering posts/edit
Completed in 14ms (View: 7, DB: 0) | 200 OK [http://localhost/posts/1/edit]


Processing PostsController#index (for 127.0.0.1 at 2009-04-24 14:07:47) [GET]
  [4;36;1mPost Load (1.0ms)[0m   [0;1mSELECT * FROM "posts" [0m
Rendering template within layouts/posts
Rendering posts/index
Rendered posts/_post (3.0ms)
Rendered posts/_post (1.0ms)
Completed in 16ms (View: 9, DB: 1) | 200 OK [http://localhost/posts]


Processing PostsController#edit (for 127.0.0.1 at 2009-04-24 14:10:17) [GET]
  Parameters: {"id"=>"2"}
  [4;35;1mPost Load (2.0ms)[0m   [0mSELECT * FROM "posts" WHERE ("posts"."id" = 2) [0m
Rendering template within layouts/posts
Rendering posts/edit
Completed in 38ms (View: 20, DB: 2) | 200 OK [http://localhost/posts/2/edit]


Processing PostsController#index (for 127.0.0.1 at 2009-04-24 14:24:25) [GET]
  [4;36;1mPost Load (2.0ms)[0m   [0;1mSELECT * FROM "posts" [0m
Rendering template within layouts/posts
Rendering posts/index
Rendered posts/_post (9.0ms)
Rendered posts/_post (1.0ms)
Completed in 46ms (View: 35, DB: 2) | 200 OK [http://localhost/posts]


Processing PostsController#edit (for 127.0.0.1 at 2009-04-24 14:24:29) [GET]
  Parameters: {"id"=>"1"}
Rendering template within layouts/posts
Rendering posts/edit

ActionView::TemplateError (Called id for nil, which would mistakenly be 4 -- if you really wanted the id of nil, use object_id) on line #5 of app/views/posts/edit.html.erb:
2: 
3: <div id="post_edit">
4:     <span title="close editor" class="close">close (x)</span>
5:     <% form_for(@post, :id=> "post_edit_form") do |f| %>
6:         <div class="error_messages">
7:             <%= f.error_messages %>
8:         </div>

    app/views/posts/edit.html.erb:5
    app/controllers/posts_controller.rb:37:in `edit'

Rendered rescues/_trace (72.0ms)
Rendered rescues/_request_and_response (2.0ms)
Rendering rescues/layout (internal_server_error)


Processing PostsController#edit (for 127.0.0.1 at 2009-04-24 14:24:32) [GET]
  Parameters: {"id"=>"1"}
Rendering template within layouts/posts
Rendering posts/edit

ActionView::TemplateError (Called id for nil, which would mistakenly be 4 -- if you really wanted the id of nil, use object_id) on line #5 of app/views/posts/edit.html.erb:
2: 
3: <div id="post_edit">
4:     <span title="close editor" class="close">close (x)</span>
5:     <% form_for(@post, :id=> "post_edit_form") do |f| %>
6:         <div class="error_messages">
7:             <%= f.error_messages %>
8:         </div>

    app/views/posts/edit.html.erb:5
    app/controllers/posts_controller.rb:37:in `edit'

Rendered rescues/_trace (68.0ms)
Rendered rescues/_request_and_response (0.0ms)
Rendering rescues/layout (internal_server_error)


Processing PostsController#edit (for 127.0.0.1 at 2009-04-24 14:24:35) [GET]
  Parameters: {"id"=>"2"}
Rendering template within layouts/posts
Rendering posts/edit

ActionView::TemplateError (Called id for nil, which would mistakenly be 4 -- if you really wanted the id of nil, use object_id) on line #5 of app/views/posts/edit.html.erb:
2: 
3: <div id="post_edit">
4:     <span title="close editor" class="close">close (x)</span>
5:     <% form_for(@post, :id=> "post_edit_form") do |f| %>
6:         <div class="error_messages">
7:             <%= f.error_messages %>
8:         </div>

    app/views/posts/edit.html.erb:5
    app/controllers/posts_controller.rb:37:in `edit'

Rendered rescues/_trace (136.0ms)
Rendered rescues/_request_and_response (0.0ms)
Rendering rescues/layout (internal_server_error)


Processing PostsController#edit (for 127.0.0.1 at 2009-04-24 14:25:21) [GET]
  Parameters: {"id"=>"2"}
  [4;35;1mPost Load (0.0ms)[0m   [0mSELECT * FROM "posts" WHERE ("posts"."id" = 2) [0m
Rendering template within layouts/posts
Rendering posts/edit
Completed in 22ms (View: 12, DB: 0) | 200 OK [http://localhost/posts/2/edit]


Processing PostsController#edit (for 127.0.0.1 at 2009-04-24 14:25:34) [GET]
  Parameters: {"id"=>"1"}
  [4;36;1mPost Load (0.0ms)[0m   [0;1mSELECT * FROM "posts" WHERE ("posts"."id" = 1) [0m
Rendering template within layouts/posts
Rendering posts/edit
Completed in 15ms (View: 7, DB: 0) | 200 OK [http://localhost/posts/1/edit]


Processing PostsController#edit (for 127.0.0.1 at 2009-04-24 14:25:34) [GET]
  Parameters: {"id"=>"1"}
  [4;35;1mPost Load (0.0ms)[0m   [0mSELECT * FROM "posts" WHERE ("posts"."id" = 1) [0m
Rendering template within layouts/posts
Rendering posts/edit
Completed in 15ms (View: 7, DB: 0) | 200 OK [http://localhost/posts/1/edit]


Processing PostsController#edit (for 127.0.0.1 at 2009-04-24 14:26:00) [GET]
  Parameters: {"id"=>"2"}
  [4;36;1mPost Load (1.0ms)[0m   [0;1mSELECT * FROM "posts" WHERE ("posts"."id" = 2) [0m
Rendering template within layouts/posts
Rendering posts/edit
Completed in 15ms (View: 6, DB: 1) | 200 OK [http://localhost/posts/2/edit]


Processing PostsController#index (for 127.0.0.1 at 2009-04-24 14:26:35) [GET]
  [4;35;1mPost Load (1.0ms)[0m   [0mSELECT * FROM "posts" [0m
Rendering template within layouts/posts
Rendering posts/index
Rendered posts/_post (6.0ms)
Rendered posts/_post (0.0ms)
Completed in 22ms (View: 12, DB: 1) | 200 OK [http://localhost/posts]


Processing PostsController#edit (for 127.0.0.1 at 2009-04-24 14:26:36) [GET]
  Parameters: {"id"=>"2"}
  [4;36;1mPost Load (1.0ms)[0m   [0;1mSELECT * FROM "posts" WHERE ("posts"."id" = 2) [0m
Rendering template within layouts/posts
Rendering posts/edit
Completed in 20ms (View: 8, DB: 1) | 200 OK [http://localhost/posts/2/edit]


Processing PostsController#update (for 127.0.0.1 at 2009-04-24 14:26:43) [PUT]
  Parameters: {"commit"=>"Save Changes", "authenticity_token"=>"yHhQUozb9/tlIY4WPzELex2tTzmSy3ypQGCx4VMxHMI=", "post"=>{"body"=>"The $.get uses the href url attribute from ou1adsr edit link above, makes the ajax call, and returns the response (the edit.html.erb template) to our modal (div#modal_window) dialog displayed using the BlockUI plugin. Whew, that's a mouthful.", "title"=>"sdfd2323sdf"}, "id"=>"2"}
  [4;35;1mPost Load (0.0ms)[0m   [0mSELECT * FROM "posts" WHERE ("posts"."id" = 2) [0m
  [4;36;1mPost Update (1.0ms)[0m   [0;1mUPDATE "posts" SET "title" = 'sdfd2323sdf', "updated_at" = '2009-04-24 08:41:43' WHERE "id" = 2[0m
Redirected to http://localhost:3001/posts/2
Completed in 54ms (DB: 1) | 302 Found [http://localhost/posts/2]


Processing PostsController#show (for 127.0.0.1 at 2009-04-24 14:26:43) [GET]
  Parameters: {"id"=>"2"}
  [4;35;1mPost Load (1.0ms)[0m   [0mSELECT * FROM "posts" WHERE ("posts"."id" = 2) [0m
Rendering template within layouts/posts
Rendering posts/show
Completed in 92ms (View: 84, DB: 1) | 200 OK [http://localhost/posts/2]


Processing PostsController#index (for 127.0.0.1 at 2009-04-24 14:26:47) [GET]
  [4;36;1mPost Load (1.0ms)[0m   [0;1mSELECT * FROM "posts" [0m
Rendering template within layouts/posts
Rendering posts/index
Rendered posts/_post (3.0ms)
Rendered posts/_post (1.0ms)
Completed in 16ms (View: 9, DB: 1) | 200 OK [http://localhost/posts]


Processing PostsController#edit (for 127.0.0.1 at 2009-04-24 16:03:54) [GET]
  Parameters: {"id"=>"1"}
  [4;35;1mPost Load (0.0ms)[0m   [0mSELECT * FROM "posts" WHERE ("posts"."id" = 1) [0m
Rendering template within layouts/posts
Rendering posts/edit
Completed in 16ms (View: 6, DB: 0) | 200 OK [http://localhost/posts/1/edit]


Processing PostsController#index (for 127.0.0.1 at 2009-04-24 16:09:01) [GET]
  [4;36;1mPost Load (1.0ms)[0m   [0;1mSELECT * FROM "posts" [0m
Rendering template within layouts/posts
Rendering posts/index
Rendered posts/_post (4.0ms)
Rendered posts/_post (1.0ms)
Completed in 24ms (View: 9, DB: 1) | 200 OK [http://localhost/posts]


Processing PostsController#edit (for 127.0.0.1 at 2009-04-24 16:09:05) [GET]
  Parameters: {"id"=>"1"}
  [4;35;1mPost Load (0.0ms)[0m   [0mSELECT * FROM "posts" WHERE ("posts"."id" = 1) [0m
Rendering template within layouts/posts
Rendering posts/edit
Completed in 14ms (View: 7, DB: 0) | 200 OK [http://localhost/posts/1/edit]


Processing PostsController#index (for 127.0.0.1 at 2009-04-24 16:14:15) [GET]
  [4;36;1mPost Load (16.0ms)[0m   [0;1mSELECT * FROM "posts" [0m
Rendering posts/index
Rendered posts/_post (37.0ms)
Rendered posts/_post (3.0ms)
Completed in 150ms (View: 72, DB: 16) | 200 OK [http://localhost/posts]


Processing PostsController#index (for 127.0.0.1 at 2009-04-24 16:14:48) [GET]
  [4;35;1mPost Load (51.0ms)[0m   [0mSELECT * FROM "posts" [0m
Rendering posts/index
Rendered posts/_post (112.0ms)
Rendered posts/_post (40.0ms)
Completed in 288ms (View: 190, DB: 51) | 200 OK [http://localhost/posts]


Processing PostsController#index (for 127.0.0.1 at 2009-04-24 16:14:58) [GET]
  [4;36;1mPost Load (30.0ms)[0m   [0;1mSELECT * FROM "posts" [0m
Rendering posts/index
Rendered posts/_post (141.0ms)
Rendered posts/_post (34.0ms)
Completed in 365ms (View: 204, DB: 30) | 200 OK [http://localhost/posts]


Processing PostsController#index (for 127.0.0.1 at 2009-04-24 16:16:52) [GET]
  [4;35;1mPost Load (63.0ms)[0m   [0mSELECT * FROM "posts" [0m
Rendering posts/index
Rendered posts/_post (121.0ms)
Rendered posts/_post (15.0ms)
Completed in 362ms (View: 141, DB: 63) | 200 OK [http://localhost/posts]


Processing PostsController#index (for 127.0.0.1 at 2009-04-24 16:17:04) [GET]
  [4;36;1mPost Load (34.0ms)[0m   [0;1mSELECT * FROM "posts" [0m
Rendering template within layouts/posts
Rendering posts/index
Rendered posts/_post (80.0ms)
Rendered posts/_post (15.0ms)
Completed in 394ms (View: 133, DB: 34) | 200 OK [http://localhost/posts]


Processing PostsController#index (for 127.0.0.1 at 2009-04-24 16:25:04) [GET]
  [4;35;1mPost Load (13.0ms)[0m   [0mSELECT * FROM "posts" [0m
Rendering template within layouts/posts
Rendering posts/index
Rendered posts/_post (113.0ms)
Rendered posts/_post (1.0ms)
Completed in 335ms (View: 120, DB: 13) | 200 OK [http://localhost/posts]


Processing PostsController#edit (for 127.0.0.1 at 2009-04-24 16:25:12) [GET]
  Parameters: {"id"=>"2"}
  [4;36;1mPost Load (0.0ms)[0m   [0;1mSELECT * FROM "posts" WHERE ("posts"."id" = 2) [0m
Rendering posts/edit
Completed in 32ms (View: 4, DB: 0) | 200 OK [http://localhost/posts/2/edit]


Processing PostsController#update (for 127.0.0.1 at 2009-04-24 16:25:28) [PUT]
  Parameters: {"commit"=>"Save Changes", "authenticity_token"=>"yHhQUozb9/tlIY4WPzELex2tTzmSy3ypQGCx4VMxHMI=", "post"=>{"body"=>"The $.get uses the href url attribute from ou1adsr edit link above, makes the ajax call, and returns the response (the edit.html.erb template) to our modal (div#modal_window) dialog displayed using the BlockUI plugin. Whew, that's a mouthful.", "title"=>"122"}, "id"=>"2"}
  [4;35;1mPost Load (0.0ms)[0m   [0mSELECT * FROM "posts" WHERE ("posts"."id" = 2) [0m
  [4;36;1mPost Update (14.0ms)[0m   [0;1mUPDATE "posts" SET "title" = '122', "updated_at" = '2009-04-24 10:40:28' WHERE "id" = 2[0m
Redirected to http://localhost:3001/posts/2
Completed in 34ms (DB: 14) | 302 Found [http://localhost/posts/2]


Processing PostsController#show (for 127.0.0.1 at 2009-04-24 16:25:28) [GET]
  Parameters: {"id"=>"2"}
  [4;35;1mPost Load (0.0ms)[0m   [0mSELECT * FROM "posts" WHERE ("posts"."id" = 2) [0m
Rendering template within layouts/posts
Rendering posts/show
Completed in 12ms (View: 5, DB: 0) | 200 OK [http://localhost/posts/2]


Processing PostsController#index (for 127.0.0.1 at 2009-04-24 16:25:33) [GET]
  [4;36;1mPost Load (0.0ms)[0m   [0;1mSELECT * FROM "posts" [0m
Rendering template within layouts/posts
Rendering posts/index
Rendered posts/_post (17.0ms)
Rendered posts/_post (1.0ms)
Completed in 30ms (View: 22, DB: 0) | 200 OK [http://localhost/posts]


Processing PostsController#edit (for 127.0.0.1 at 2009-04-24 16:25:36) [GET]
  Parameters: {"id"=>"1"}
  [4;35;1mPost Load (0.0ms)[0m   [0mSELECT * FROM "posts" WHERE ("posts"."id" = 1) [0m
Rendering posts/edit
Completed in 39ms (View: 4, DB: 0) | 200 OK [http://localhost/posts/1/edit]


Processing PostsController#update (for 127.0.0.1 at 2009-04-24 16:25:41) [PUT]
  Parameters: {"commit"=>"Save Changes", "authenticity_token"=>"yHhQUozb9/tlIY4WPzELex2tTzmSy3ypQGCx4VMxHMI=", "post"=>{"body"=>"The $.get uses the href url attribute from our edit link above, makes the ajax call, and returns the response (the edit.html.erb template) to our modal (div#modal_window) dialog displayed using the BlockUI plugin. Whew, that's a mouthful.", "title"=>""}, "id"=>"1"}
  [4;36;1mPost Load (1.0ms)[0m   [0;1mSELECT * FROM "posts" WHERE ("posts"."id" = 1) [0m
Rendering template within layouts/posts
Rendering posts/edit
Completed in 210ms (View: 6, DB: 1) | 200 OK [http://localhost/posts/1]


Processing PostsController#edit (for 127.0.0.1 at 2009-04-24 16:25:50) [GET]
  Parameters: {"id"=>"2"}
  [4;35;1mPost Load (0.0ms)[0m   [0mSELECT * FROM "posts" WHERE ("posts"."id" = 2) [0m
Rendering posts/edit
Completed in 12ms (View: 4, DB: 0) | 200 OK [http://localhost/posts/2/edit]


Processing ApplicationController#index (for 127.0.0.1 at 2009-04-25 18:32:39) [GET]

ActionController::RoutingError (No route matches "/projects" with {:method=>:get}):
  

Rendering rescues/layout (not_found)


Processing PostsController#index (for 127.0.0.1 at 2009-04-25 18:32:45) [GET]
  [4;36;1mPost Load (22.0ms)[0m   [0;1mSELECT * FROM "posts" [0m
Rendering template within layouts/posts
Rendering posts/index
Rendered posts/_post (690.0ms)
Rendered posts/_post (1.0ms)
Completed in 754ms (View: 726, DB: 22) | 200 OK [http://localhost/posts]


Processing PostsController#edit (for 127.0.0.1 at 2009-04-25 18:32:57) [GET]
  Parameters: {"id"=>"1"}
  [4;35;1mPost Load (1.0ms)[0m   [0mSELECT * FROM "posts" WHERE ("posts"."id" = 1) [0m
Rendering template within layouts/posts
Rendering posts/edit
Completed in 19ms (View: 12, DB: 1) | 200 OK [http://localhost/posts/1/edit]


Processing PostsController#edit (for 127.0.0.1 at 2009-04-25 18:36:23) [GET]
  Parameters: {"id"=>"2"}
  [4;36;1mPost Load (0.0ms)[0m   [0;1mSELECT * FROM "posts" WHERE ("posts"."id" = 2) [0m
Rendering template within layouts/posts
Rendering posts/edit
Completed in 12ms (View: 5, DB: 0) | 200 OK [http://localhost/posts/2/edit]


Processing PostsController#edit (for 127.0.0.1 at 2009-04-25 18:36:23) [GET]
  Parameters: {"id"=>"2"}
  [4;35;1mPost Load (1.0ms)[0m   [0mSELECT * FROM "posts" WHERE ("posts"."id" = 2) [0m
Rendering template within layouts/posts
Rendering posts/edit
Completed in 13ms (View: 6, DB: 1) | 200 OK [http://localhost/posts/2/edit]


Processing PostsController#edit (for 127.0.0.1 at 2009-04-25 18:36:31) [GET]
  Parameters: {"id"=>"1"}
  [4;36;1mPost Load (0.0ms)[0m   [0;1mSELECT * FROM "posts" WHERE ("posts"."id" = 1) [0m
Rendering template within layouts/posts
Rendering posts/edit
Completed in 12ms (View: 6, DB: 0) | 200 OK [http://localhost/posts/1/edit]


Processing PostsController#index (for 127.0.0.1 at 2009-04-25 21:23:12) [GET]
  [4;35;1mPost Load (1.0ms)[0m   [0mSELECT * FROM "posts" [0m
Rendering template within layouts/posts
Rendering posts/index
Rendered posts/_post (4.0ms)
Rendered posts/_post (1.0ms)
Completed in 16ms (View: 9, DB: 1) | 200 OK [http://localhost/posts]


Processing PostsController#edit (for 127.0.0.1 at 2009-04-25 21:23:21) [GET]
  Parameters: {"id"=>"2"}
  [4;36;1mPost Load (0.0ms)[0m   [0;1mSELECT * FROM "posts" WHERE ("posts"."id" = 2) [0m
Rendering template within layouts/posts
Rendering posts/edit
Completed in 12ms (View: 6, DB: 0) | 200 OK [http://localhost/posts/2/edit]


Processing PostsController#index (for 127.0.0.1 at 2009-04-25 21:37:43) [GET]
  [4;35;1mPost Load (1.0ms)[0m   [0mSELECT * FROM "posts" [0m
Rendering template within layouts/posts
Rendering posts/index
Rendered posts/_post (4.0ms)
Rendered posts/_post (1.0ms)
Completed in 19ms (View: 12, DB: 1) | 200 OK [http://localhost/posts]


Processing PostsController#index (for 127.0.0.1 at 2009-04-25 21:38:09) [GET]
  [4;36;1mPost Load (0.0ms)[0m   [0;1mSELECT * FROM "posts" [0m
Rendering template within layouts/posts
Rendering posts/index
Rendered posts/_post (3.0ms)
Rendered posts/_post (1.0ms)
Completed in 15ms (View: 9, DB: 0) | 200 OK [http://localhost/posts]


Processing PostsController#edit (for 127.0.0.1 at 2009-04-25 21:38:15) [GET]
  Parameters: {"id"=>"1"}
  [4;35;1mPost Load (0.0ms)[0m   [0mSELECT * FROM "posts" WHERE ("posts"."id" = 1) [0m
Rendering template within layouts/posts
Rendering posts/edit
Completed in 13ms (View: 6, DB: 0) | 200 OK [http://localhost/posts/1/edit]


Processing PostsController#index (for 127.0.0.1 at 2009-04-25 21:40:26) [GET]
  [4;36;1mPost Load (1.0ms)[0m   [0;1mSELECT * FROM "posts" [0m
Rendering template within layouts/posts
Rendering posts/index
Rendered posts/_post (3.0ms)
Rendered posts/_post (0.0ms)
Completed in 13ms (View: 8, DB: 1) | 200 OK [http://localhost/posts]


Processing PostsController#edit (for 127.0.0.1 at 2009-04-25 21:40:30) [GET]
  Parameters: {"id"=>"2"}
  [4;35;1mPost Load (1.0ms)[0m   [0mSELECT * FROM "posts" WHERE ("posts"."id" = 2) [0m
Rendering template within layouts/posts
Rendering posts/edit
Completed in 14ms (View: 7, DB: 1) | 200 OK [http://localhost/posts/2/edit]
